<?xml version="1.0" encoding="UTF-8"?>
<testsuite xmlns:xsi="http://www.w3.org/2001/XMLSchema-instance" xsi:noNamespaceSchemaLocation="https://maven.apache.org/surefire/maven-surefire-plugin/xsd/surefire-test-report.xsd" name="com.event.api.ApiApplicationTests" time="1.935" tests="1" errors="0" skipped="0" failures="0">
  <properties>
    <property name="gopherProxySet" value="false"/>
    <property name="awt.toolkit" value="sun.lwawt.macosx.LWCToolkit"/>
    <property name="java.specification.version" value="11"/>
    <property name="sun.cpu.isalist" value=""/>
    <property name="sun.jnu.encoding" value="UTF-8"/>
    <property name="java.class.path" value="/Users/mark.e.lamug/Documents/hackathon/codes/new/api/target/test-classes:/Users/mark.e.lamug/Documents/hackathon/codes/new/api/target/classes:/Users/mark.e.lamug/.m2/org/springframework/boot/spring-boot-starter-web/2.3.1.RELEASE/spring-boot-starter-web-2.3.1.RELEASE.jar:/Users/mark.e.lamug/.m2/org/springframework/boot/spring-boot-starter/2.3.1.RELEASE/spring-boot-starter-2.3.1.RELEASE.jar:/Users/mark.e.lamug/.m2/org/springframework/boot/spring-boot/2.3.1.RELEASE/spring-boot-2.3.1.RELEASE.jar:/Users/mark.e.lamug/.m2/org/springframework/boot/spring-boot-autoconfigure/2.3.1.RELEASE/spring-boot-autoconfigure-2.3.1.RELEASE.jar:/Users/mark.e.lamug/.m2/org/springframework/boot/spring-boot-starter-logging/2.3.1.RELEASE/spring-boot-starter-logging-2.3.1.RELEASE.jar:/Users/mark.e.lamug/.m2/ch/qos/logback/logback-classic/1.2.3/logback-classic-1.2.3.jar:/Users/mark.e.lamug/.m2/ch/qos/logback/logback-core/1.2.3/logback-core-1.2.3.jar:/Users/mark.e.lamug/.m2/org/apache/logging/log4j/log4j-to-slf4j/2.13.3/log4j-to-slf4j-2.13.3.jar:/Users/mark.e.lamug/.m2/org/apache/logging/log4j/log4j-api/2.13.3/log4j-api-2.13.3.jar:/Users/mark.e.lamug/.m2/org/slf4j/jul-to-slf4j/1.7.30/jul-to-slf4j-1.7.30.jar:/Users/mark.e.lamug/.m2/org/yaml/snakeyaml/1.26/snakeyaml-1.26.jar:/Users/mark.e.lamug/.m2/org/springframework/boot/spring-boot-starter-json/2.3.1.RELEASE/spring-boot-starter-json-2.3.1.RELEASE.jar:/Users/mark.e.lamug/.m2/com/fasterxml/jackson/core/jackson-databind/2.11.0/jackson-databind-2.11.0.jar:/Users/mark.e.lamug/.m2/com/fasterxml/jackson/core/jackson-annotations/2.11.0/jackson-annotations-2.11.0.jar:/Users/mark.e.lamug/.m2/com/fasterxml/jackson/core/jackson-core/2.11.0/jackson-core-2.11.0.jar:/Users/mark.e.lamug/.m2/com/fasterxml/jackson/datatype/jackson-datatype-jdk8/2.11.0/jackson-datatype-jdk8-2.11.0.jar:/Users/mark.e.lamug/.m2/com/fasterxml/jackson/datatype/jackson-datatype-jsr310/2.11.0/jackson-datatype-jsr310-2.11.0.jar:/Users/mark.e.lamug/.m2/com/fasterxml/jackson/module/jackson-module-parameter-names/2.11.0/jackson-module-parameter-names-2.11.0.jar:/Users/mark.e.lamug/.m2/org/springframework/spring-web/5.2.7.RELEASE/spring-web-5.2.7.RELEASE.jar:/Users/mark.e.lamug/.m2/org/springframework/spring-beans/5.2.7.RELEASE/spring-beans-5.2.7.RELEASE.jar:/Users/mark.e.lamug/.m2/org/springframework/spring-webmvc/5.2.7.RELEASE/spring-webmvc-5.2.7.RELEASE.jar:/Users/mark.e.lamug/.m2/org/springframework/spring-aop/5.2.7.RELEASE/spring-aop-5.2.7.RELEASE.jar:/Users/mark.e.lamug/.m2/org/springframework/spring-context/5.2.7.RELEASE/spring-context-5.2.7.RELEASE.jar:/Users/mark.e.lamug/.m2/org/springframework/spring-expression/5.2.7.RELEASE/spring-expression-5.2.7.RELEASE.jar:/Users/mark.e.lamug/.m2/org/springframework/boot/spring-boot-starter-tomcat/2.3.1.RELEASE/spring-boot-starter-tomcat-2.3.1.RELEASE.jar:/Users/mark.e.lamug/.m2/jakarta/annotation/jakarta.annotation-api/1.3.5/jakarta.annotation-api-1.3.5.jar:/Users/mark.e.lamug/.m2/org/apache/tomcat/embed/tomcat-embed-core/9.0.36/tomcat-embed-core-9.0.36.jar:/Users/mark.e.lamug/.m2/org/glassfish/jakarta.el/3.0.3/jakarta.el-3.0.3.jar:/Users/mark.e.lamug/.m2/org/apache/tomcat/embed/tomcat-embed-websocket/9.0.36/tomcat-embed-websocket-9.0.36.jar:/Users/mark.e.lamug/.m2/org/springframework/boot/spring-boot-starter-test/2.3.1.RELEASE/spring-boot-starter-test-2.3.1.RELEASE.jar:/Users/mark.e.lamug/.m2/org/springframework/boot/spring-boot-test/2.3.1.RELEASE/spring-boot-test-2.3.1.RELEASE.jar:/Users/mark.e.lamug/.m2/org/springframework/boot/spring-boot-test-autoconfigure/2.3.1.RELEASE/spring-boot-test-autoconfigure-2.3.1.RELEASE.jar:/Users/mark.e.lamug/.m2/com/jayway/jsonpath/json-path/2.4.0/json-path-2.4.0.jar:/Users/mark.e.lamug/.m2/net/minidev/json-smart/2.3/json-smart-2.3.jar:/Users/mark.e.lamug/.m2/net/minidev/accessors-smart/1.2/accessors-smart-1.2.jar:/Users/mark.e.lamug/.m2/org/ow2/asm/asm/5.0.4/asm-5.0.4.jar:/Users/mark.e.lamug/.m2/org/slf4j/slf4j-api/1.7.30/slf4j-api-1.7.30.jar:/Users/mark.e.lamug/.m2/jakarta/xml/bind/jakarta.xml.bind-api/2.3.3/jakarta.xml.bind-api-2.3.3.jar:/Users/mark.e.lamug/.m2/jakarta/activation/jakarta.activation-api/1.2.2/jakarta.activation-api-1.2.2.jar:/Users/mark.e.lamug/.m2/org/assertj/assertj-core/3.16.1/assertj-core-3.16.1.jar:/Users/mark.e.lamug/.m2/org/hamcrest/hamcrest/2.2/hamcrest-2.2.jar:/Users/mark.e.lamug/.m2/org/junit/jupiter/junit-jupiter/5.6.2/junit-jupiter-5.6.2.jar:/Users/mark.e.lamug/.m2/org/junit/jupiter/junit-jupiter-api/5.6.2/junit-jupiter-api-5.6.2.jar:/Users/mark.e.lamug/.m2/org/apiguardian/apiguardian-api/1.1.0/apiguardian-api-1.1.0.jar:/Users/mark.e.lamug/.m2/org/opentest4j/opentest4j/1.2.0/opentest4j-1.2.0.jar:/Users/mark.e.lamug/.m2/org/junit/platform/junit-platform-commons/1.6.2/junit-platform-commons-1.6.2.jar:/Users/mark.e.lamug/.m2/org/junit/jupiter/junit-jupiter-params/5.6.2/junit-jupiter-params-5.6.2.jar:/Users/mark.e.lamug/.m2/org/junit/jupiter/junit-jupiter-engine/5.6.2/junit-jupiter-engine-5.6.2.jar:/Users/mark.e.lamug/.m2/org/junit/platform/junit-platform-engine/1.6.2/junit-platform-engine-1.6.2.jar:/Users/mark.e.lamug/.m2/org/mockito/mockito-core/3.3.3/mockito-core-3.3.3.jar:/Users/mark.e.lamug/.m2/net/bytebuddy/byte-buddy/1.10.11/byte-buddy-1.10.11.jar:/Users/mark.e.lamug/.m2/net/bytebuddy/byte-buddy-agent/1.10.11/byte-buddy-agent-1.10.11.jar:/Users/mark.e.lamug/.m2/org/objenesis/objenesis/2.6/objenesis-2.6.jar:/Users/mark.e.lamug/.m2/org/mockito/mockito-junit-jupiter/3.3.3/mockito-junit-jupiter-3.3.3.jar:/Users/mark.e.lamug/.m2/org/skyscreamer/jsonassert/1.5.0/jsonassert-1.5.0.jar:/Users/mark.e.lamug/.m2/com/vaadin/external/google/android-json/0.0.20131108.vaadin1/android-json-0.0.20131108.vaadin1.jar:/Users/mark.e.lamug/.m2/org/springframework/spring-core/5.2.7.RELEASE/spring-core-5.2.7.RELEASE.jar:/Users/mark.e.lamug/.m2/org/springframework/spring-jcl/5.2.7.RELEASE/spring-jcl-5.2.7.RELEASE.jar:/Users/mark.e.lamug/.m2/org/springframework/spring-test/5.2.7.RELEASE/spring-test-5.2.7.RELEASE.jar:/Users/mark.e.lamug/.m2/org/xmlunit/xmlunit-core/2.7.0/xmlunit-core-2.7.0.jar:"/>
    <property name="java.vm.vendor" value="Oracle Corporation"/>
    <property name="sun.arch.data.model" value="64"/>
    <property name="java.vendor.url" value="http://java.oracle.com/"/>
    <property name="user.timezone" value=""/>
    <property name="java.vm.specification.version" value="11"/>
    <property name="os.name" value="Mac OS X"/>
    <property name="sun.java.launcher" value="SUN_STANDARD"/>
    <property name="user.country" value="PH"/>
    <property name="sun.boot.library.path" value="/Library/Java/JavaVirtualMachines/jdk-11.0.6.jdk/Contents/Home/lib"/>
    <property name="sun.java.command" value="/Users/mark.e.lamug/Documents/hackathon/codes/new/api/target/surefire/surefirebooter2014640362650863528.jar /Users/mark.e.lamug/Documents/hackathon/codes/new/api/target/surefire 2020-07-14T18-00-30_217-jvmRun1 surefire7803490425238640957tmp surefire_047545793772129560tmp"/>
    <property name="jdk.debug" value="release"/>
    <property name="surefire.test.class.path" value="/Users/mark.e.lamug/Documents/hackathon/codes/new/api/target/test-classes:/Users/mark.e.lamug/Documents/hackathon/codes/new/api/target/classes:/Users/mark.e.lamug/.m2/org/springframework/boot/spring-boot-starter-web/2.3.1.RELEASE/spring-boot-starter-web-2.3.1.RELEASE.jar:/Users/mark.e.lamug/.m2/org/springframework/boot/spring-boot-starter/2.3.1.RELEASE/spring-boot-starter-2.3.1.RELEASE.jar:/Users/mark.e.lamug/.m2/org/springframework/boot/spring-boot/2.3.1.RELEASE/spring-boot-2.3.1.RELEASE.jar:/Users/mark.e.lamug/.m2/org/springframework/boot/spring-boot-autoconfigure/2.3.1.RELEASE/spring-boot-autoconfigure-2.3.1.RELEASE.jar:/Users/mark.e.lamug/.m2/org/springframework/boot/spring-boot-starter-logging/2.3.1.RELEASE/spring-boot-starter-logging-2.3.1.RELEASE.jar:/Users/mark.e.lamug/.m2/ch/qos/logback/logback-classic/1.2.3/logback-classic-1.2.3.jar:/Users/mark.e.lamug/.m2/ch/qos/logback/logback-core/1.2.3/logback-core-1.2.3.jar:/Users/mark.e.lamug/.m2/org/apache/logging/log4j/log4j-to-slf4j/2.13.3/log4j-to-slf4j-2.13.3.jar:/Users/mark.e.lamug/.m2/org/apache/logging/log4j/log4j-api/2.13.3/log4j-api-2.13.3.jar:/Users/mark.e.lamug/.m2/org/slf4j/jul-to-slf4j/1.7.30/jul-to-slf4j-1.7.30.jar:/Users/mark.e.lamug/.m2/org/yaml/snakeyaml/1.26/snakeyaml-1.26.jar:/Users/mark.e.lamug/.m2/org/springframework/boot/spring-boot-starter-json/2.3.1.RELEASE/spring-boot-starter-json-2.3.1.RELEASE.jar:/Users/mark.e.lamug/.m2/com/fasterxml/jackson/core/jackson-databind/2.11.0/jackson-databind-2.11.0.jar:/Users/mark.e.lamug/.m2/com/fasterxml/jackson/core/jackson-annotations/2.11.0/jackson-annotations-2.11.0.jar:/Users/mark.e.lamug/.m2/com/fasterxml/jackson/core/jackson-core/2.11.0/jackson-core-2.11.0.jar:/Users/mark.e.lamug/.m2/com/fasterxml/jackson/datatype/jackson-datatype-jdk8/2.11.0/jackson-datatype-jdk8-2.11.0.jar:/Users/mark.e.lamug/.m2/com/fasterxml/jackson/datatype/jackson-datatype-jsr310/2.11.0/jackson-datatype-jsr310-2.11.0.jar:/Users/mark.e.lamug/.m2/com/fasterxml/jackson/module/jackson-module-parameter-names/2.11.0/jackson-module-parameter-names-2.11.0.jar:/Users/mark.e.lamug/.m2/org/springframework/spring-web/5.2.7.RELEASE/spring-web-5.2.7.RELEASE.jar:/Users/mark.e.lamug/.m2/org/springframework/spring-beans/5.2.7.RELEASE/spring-beans-5.2.7.RELEASE.jar:/Users/mark.e.lamug/.m2/org/springframework/spring-webmvc/5.2.7.RELEASE/spring-webmvc-5.2.7.RELEASE.jar:/Users/mark.e.lamug/.m2/org/springframework/spring-aop/5.2.7.RELEASE/spring-aop-5.2.7.RELEASE.jar:/Users/mark.e.lamug/.m2/org/springframework/spring-context/5.2.7.RELEASE/spring-context-5.2.7.RELEASE.jar:/Users/mark.e.lamug/.m2/org/springframework/spring-expression/5.2.7.RELEASE/spring-expression-5.2.7.RELEASE.jar:/Users/mark.e.lamug/.m2/org/springframework/boot/spring-boot-starter-tomcat/2.3.1.RELEASE/spring-boot-starter-tomcat-2.3.1.RELEASE.jar:/Users/mark.e.lamug/.m2/jakarta/annotation/jakarta.annotation-api/1.3.5/jakarta.annotation-api-1.3.5.jar:/Users/mark.e.lamug/.m2/org/apache/tomcat/embed/tomcat-embed-core/9.0.36/tomcat-embed-core-9.0.36.jar:/Users/mark.e.lamug/.m2/org/glassfish/jakarta.el/3.0.3/jakarta.el-3.0.3.jar:/Users/mark.e.lamug/.m2/org/apache/tomcat/embed/tomcat-embed-websocket/9.0.36/tomcat-embed-websocket-9.0.36.jar:/Users/mark.e.lamug/.m2/org/springframework/boot/spring-boot-starter-test/2.3.1.RELEASE/spring-boot-starter-test-2.3.1.RELEASE.jar:/Users/mark.e.lamug/.m2/org/springframework/boot/spring-boot-test/2.3.1.RELEASE/spring-boot-test-2.3.1.RELEASE.jar:/Users/mark.e.lamug/.m2/org/springframework/boot/spring-boot-test-autoconfigure/2.3.1.RELEASE/spring-boot-test-autoconfigure-2.3.1.RELEASE.jar:/Users/mark.e.lamug/.m2/com/jayway/jsonpath/json-path/2.4.0/json-path-2.4.0.jar:/Users/mark.e.lamug/.m2/net/minidev/json-smart/2.3/json-smart-2.3.jar:/Users/mark.e.lamug/.m2/net/minidev/accessors-smart/1.2/accessors-smart-1.2.jar:/Users/mark.e.lamug/.m2/org/ow2/asm/asm/5.0.4/asm-5.0.4.jar:/Users/mark.e.lamug/.m2/org/slf4j/slf4j-api/1.7.30/slf4j-api-1.7.30.jar:/Users/mark.e.lamug/.m2/jakarta/xml/bind/jakarta.xml.bind-api/2.3.3/jakarta.xml.bind-api-2.3.3.jar:/Users/mark.e.lamug/.m2/jakarta/activation/jakarta.activation-api/1.2.2/jakarta.activation-api-1.2.2.jar:/Users/mark.e.lamug/.m2/org/assertj/assertj-core/3.16.1/assertj-core-3.16.1.jar:/Users/mark.e.lamug/.m2/org/hamcrest/hamcrest/2.2/hamcrest-2.2.jar:/Users/mark.e.lamug/.m2/org/junit/jupiter/junit-jupiter/5.6.2/junit-jupiter-5.6.2.jar:/Users/mark.e.lamug/.m2/org/junit/jupiter/junit-jupiter-api/5.6.2/junit-jupiter-api-5.6.2.jar:/Users/mark.e.lamug/.m2/org/apiguardian/apiguardian-api/1.1.0/apiguardian-api-1.1.0.jar:/Users/mark.e.lamug/.m2/org/opentest4j/opentest4j/1.2.0/opentest4j-1.2.0.jar:/Users/mark.e.lamug/.m2/org/junit/platform/junit-platform-commons/1.6.2/junit-platform-commons-1.6.2.jar:/Users/mark.e.lamug/.m2/org/junit/jupiter/junit-jupiter-params/5.6.2/junit-jupiter-params-5.6.2.jar:/Users/mark.e.lamug/.m2/org/junit/jupiter/junit-jupiter-engine/5.6.2/junit-jupiter-engine-5.6.2.jar:/Users/mark.e.lamug/.m2/org/junit/platform/junit-platform-engine/1.6.2/junit-platform-engine-1.6.2.jar:/Users/mark.e.lamug/.m2/org/mockito/mockito-core/3.3.3/mockito-core-3.3.3.jar:/Users/mark.e.lamug/.m2/net/bytebuddy/byte-buddy/1.10.11/byte-buddy-1.10.11.jar:/Users/mark.e.lamug/.m2/net/bytebuddy/byte-buddy-agent/1.10.11/byte-buddy-agent-1.10.11.jar:/Users/mark.e.lamug/.m2/org/objenesis/objenesis/2.6/objenesis-2.6.jar:/Users/mark.e.lamug/.m2/org/mockito/mockito-junit-jupiter/3.3.3/mockito-junit-jupiter-3.3.3.jar:/Users/mark.e.lamug/.m2/org/skyscreamer/jsonassert/1.5.0/jsonassert-1.5.0.jar:/Users/mark.e.lamug/.m2/com/vaadin/external/google/android-json/0.0.20131108.vaadin1/android-json-0.0.20131108.vaadin1.jar:/Users/mark.e.lamug/.m2/org/springframework/spring-core/5.2.7.RELEASE/spring-core-5.2.7.RELEASE.jar:/Users/mark.e.lamug/.m2/org/springframework/spring-jcl/5.2.7.RELEASE/spring-jcl-5.2.7.RELEASE.jar:/Users/mark.e.lamug/.m2/org/springframework/spring-test/5.2.7.RELEASE/spring-test-5.2.7.RELEASE.jar:/Users/mark.e.lamug/.m2/org/xmlunit/xmlunit-core/2.7.0/xmlunit-core-2.7.0.jar:"/>
    <property name="sun.cpu.endian" value="little"/>
    <property name="user.home" value="/Users/mark.e.lamug"/>
    <property name="user.language" value="en"/>
    <property name="java.specification.vendor" value="Oracle Corporation"/>
    <property name="java.version.date" value="2020-01-14"/>
    <property name="java.home" value="/Library/Java/JavaVirtualMachines/jdk-11.0.6.jdk/Contents/Home"/>
    <property name="file.separator" value="/"/>
    <property name="style.color" value="always"/>
    <property name="basedir" value="/Users/mark.e.lamug/Documents/hackathon/codes/new/api"/>
    <property name="java.vm.compressedOopsMode" value="Zero based"/>
    <property name="line.separator" value="&#10;"/>
    <property name="java.specification.name" value="Java Platform API Specification"/>
    <property name="java.vm.specification.vendor" value="Oracle Corporation"/>
    <property name="java.awt.graphicsenv" value="sun.awt.CGraphicsEnvironment"/>
    <property name="surefire.real.class.path" value="/Users/mark.e.lamug/Documents/hackathon/codes/new/api/target/surefire/surefirebooter2014640362650863528.jar"/>
    <property name="sun.management.compiler" value="HotSpot 64-Bit Tiered Compilers"/>
    <property name="java.runtime.version" value="11.0.6+8-LTS"/>
    <property name="user.name" value="mark.e.lamug"/>
    <property name="path.separator" value=":"/>
    <property name="os.version" value="10.15.5"/>
    <property name="java.runtime.name" value="Java(TM) SE Runtime Environment"/>
    <property name="file.encoding" value="UTF-8"/>
    <property name="java.vm.name" value="Java HotSpot(TM) 64-Bit Server VM"/>
    <property name="java.vendor.version" value="18.9"/>
    <property name="localRepository" value="/Users/mark.e.lamug/.m2"/>
    <property name="java.vendor.url.bug" value="http://bugreport.java.com/bugreport/"/>
    <property name="java.io.tmpdir" value="/var/folders/39/5f0kyfhd1wj2mq4dkcydqv8c0000gp/T/"/>
    <property name="java.version" value="11.0.6"/>
    <property name="user.dir" value="/Users/mark.e.lamug/Documents/hackathon/codes/new/api"/>
    <property name="os.arch" value="x86_64"/>
    <property name="java.vm.specification.name" value="Java Virtual Machine Specification"/>
    <property name="java.awt.printerjob" value="sun.lwawt.macosx.CPrinterJob"/>
    <property name="sun.os.patch.level" value="unknown"/>
    <property name="java.library.path" value="/Users/mark.e.lamug/Library/Java/Extensions:/Library/Java/Extensions:/Network/Library/Java/Extensions:/System/Library/Java/Extensions:/usr/lib/java:."/>
    <property name="java.vendor" value="Oracle Corporation"/>
    <property name="java.vm.info" value="mixed mode"/>
    <property name="java.vm.version" value="11.0.6+8-LTS"/>
    <property name="sun.io.unicode.encoding" value="UnicodeBig"/>
    <property name="java.class.version" value="55.0"/>
  </properties>
  <testcase name="contextLoads" classname="com.event.api.ApiApplicationTests" time="0.309"/>
</testsuite>